<?xml version="1.0" encoding="UTF-8"?>
<testng-results skipped="0" failed="0" total="1" passed="1">
  <reporter-output>
  </reporter-output>
  <suite name="Suite" duration-ms="16" started-at="2016-12-27T16:52:03Z" finished-at="2016-12-27T16:52:03Z">
    <groups>
    </groups>
    <test name="Test" duration-ms="16" started-at="2016-12-27T16:52:03Z" finished-at="2016-12-27T16:52:03Z">
      <class name="XYZ.FirstDemo">
        <test-method status="PASS" signature="helloTest()[pri:0, instance:XYZ.FirstDemo@72342b26]" name="helloTest" duration-ms="0" started-at="2016-12-27T22:22:03Z" finished-at="2016-12-27T22:22:03Z">
          <reporter-output>
          </reporter-output>
        </test-method> <!-- helloTest -->
      </class> <!-- XYZ.FirstDemo -->
    </test> <!-- Test -->
  </suite> <!-- Suite -->
</testng-results>
